<?xml version="1.0" encoding="UTF-8"?>
<testng-results ignored="0" total="1" passed="1" failed="0" skipped="0">
  <reporter-output>
  </reporter-output>
  <suite started-at="2024-05-21T06:05:05 IST" name="Default suite" finished-at="2024-05-21T06:05:16 IST" duration-ms="11091">
    <groups>
    </groups>
    <test started-at="2024-05-21T06:05:05 IST" name="Default test" finished-at="2024-05-21T06:05:16 IST" duration-ms="11091">
      <class name="dynamicSeleniumElements.DynamicXpathHaldle">
        <test-method signature="checkTable()[pri:0, instance:dynamicSeleniumElements.DynamicXpathHaldle@5e0e82ae]" started-at="2024-05-21T06:05:05 IST" name="checkTable" finished-at="2024-05-21T06:05:16 IST" duration-ms="11014" status="PASS">
          <reporter-output>
          </reporter-output>
        </test-method> <!-- checkTable -->
      </class> <!-- dynamicSeleniumElements.DynamicXpathHaldle -->
    </test> <!-- Default test -->
  </suite> <!-- Default suite -->
</testng-results>
